<?xml version="1.0" encoding="UTF-8"?>
<coverage generated="1761840139680" clover="3.2.0">
  <project timestamp="1761840139680" name="All files">
    <metrics statements="54" coveredstatements="34" conditionals="24" coveredconditionals="18" methods="29" coveredmethods="13" elements="107" coveredelements="65" complexity="0" loc="54" ncloc="54" packages="4" files="4" classes="4"/>
    <package name="Car">
      <metrics statements="3" coveredstatements="3" conditionals="0" coveredconditionals="0" methods="2" coveredmethods="2"/>
      <file name="CartItem.jsx" path="C:\Users\ulisi\Desktop\Proyecto semestral Full-Stack-React\Fullstack-react\src\components\organisms\Car\CartItem.jsx">
        <metrics statements="3" coveredstatements="3" conditionals="0" coveredconditionals="0" methods="2" coveredmethods="2"/>
        <line num="5" count="2" type="stmt"/>
        <line num="7" count="2" type="stmt"/>
        <line num="17" count="1" type="stmt"/>
      </file>
    </package>
    <package name="Catalogo">
      <metrics statements="26" coveredstatements="11" conditionals="2" coveredconditionals="1" methods="19" coveredmethods="4"/>
      <file name="Container.jsx" path="C:\Users\ulisi\Desktop\Proyecto semestral Full-Stack-React\Fullstack-react\src\components\organisms\Catalogo\Container.jsx">
        <metrics statements="26" coveredstatements="11" conditionals="2" coveredconditionals="1" methods="19" coveredmethods="4"/>
        <line num="4" count="7" type="stmt"/>
        <line num="6" count="7" type="stmt"/>
        <line num="7" count="3" type="cond" truecount="1" falsecount="1"/>
        <line num="8" count="3" type="stmt"/>
        <line num="11" count="7" type="stmt"/>
        <line num="12" count="1" type="stmt"/>
        <line num="13" count="1" type="stmt"/>
        <line num="14" count="1" type="stmt"/>
        <line num="18" count="7" type="stmt"/>
        <line num="37" count="7" type="stmt"/>
        <line num="46" count="1" type="stmt"/>
        <line num="57" count="0" type="stmt"/>
        <line num="72" count="0" type="stmt"/>
        <line num="83" count="0" type="stmt"/>
        <line num="98" count="0" type="stmt"/>
        <line num="109" count="0" type="stmt"/>
        <line num="126" count="0" type="stmt"/>
        <line num="137" count="0" type="stmt"/>
        <line num="152" count="0" type="stmt"/>
        <line num="163" count="0" type="stmt"/>
        <line num="178" count="0" type="stmt"/>
        <line num="189" count="0" type="stmt"/>
        <line num="206" count="0" type="stmt"/>
        <line num="217" count="0" type="stmt"/>
        <line num="232" count="0" type="stmt"/>
        <line num="243" count="0" type="stmt"/>
      </file>
    </package>
    <package name="Login">
      <metrics statements="24" coveredstatements="19" conditionals="22" coveredconditionals="17" methods="7" coveredmethods="6"/>
      <file name="Formulario.jsx" path="C:\Users\ulisi\Desktop\Proyecto semestral Full-Stack-React\Fullstack-react\src\components\organisms\Login\Formulario.jsx">
        <metrics statements="24" coveredstatements="19" conditionals="22" coveredconditionals="17" methods="7" coveredmethods="6"/>
        <line num="4" count="11" type="stmt"/>
        <line num="5" count="11" type="stmt"/>
        <line num="6" count="11" type="stmt"/>
        <line num="7" count="11" type="stmt"/>
        <line num="8" count="11" type="stmt"/>
        <line num="10" count="11" type="stmt"/>
        <line num="11" count="2" type="stmt"/>
        <line num="13" count="2" type="cond" truecount="1" falsecount="1"/>
        <line num="14" count="0" type="stmt"/>
        <line num="15" count="0" type="stmt"/>
        <line num="18" count="2" type="cond" truecount="1" falsecount="1"/>
        <line num="19" count="0" type="stmt"/>
        <line num="20" count="0" type="stmt"/>
        <line num="23" count="2" type="cond" truecount="4" falsecount="0"/>
        <line num="24" count="1" type="stmt"/>
        <line num="25" count="1" type="stmt"/>
        <line num="28" count="1" type="stmt"/>
        <line num="29" count="1" type="stmt"/>
        <line num="32" count="11" type="stmt"/>
        <line num="42" count="2" type="stmt"/>
        <line num="64" count="2" type="stmt"/>
        <line num="76" count="1" type="stmt"/>
        <line num="87" count="1" type="stmt"/>
        <line num="93" count="0" type="stmt"/>
      </file>
    </package>
    <package name="Profile">
      <metrics statements="1" coveredstatements="1" conditionals="0" coveredconditionals="0" methods="1" coveredmethods="1"/>
      <file name="Card2.jsx" path="C:\Users\ulisi\Desktop\Proyecto semestral Full-Stack-React\Fullstack-react\src\components\organisms\Profile\Card2.jsx">
        <metrics statements="1" coveredstatements="1" conditionals="0" coveredconditionals="0" methods="1" coveredmethods="1"/>
        <line num="4" count="2" type="stmt"/>
      </file>
    </package>
  </project>
</coverage>
