{"C:\\Users\\ulisi\\Desktop\\Proyecto semestral Full-Stack-React\\Fullstack-react\\src\\components\\organisms\\Car\\CartItem.jsx": {"path":"C:\\Users\\ulisi\\Desktop\\Proyecto semestral Full-Stack-React\\Fullstack-react\\src\\components\\organisms\\Car\\CartItem.jsx","statementMap":{"0":{"start":{"line":5,"column":52},"end":{"line":5,"column":59}},"1":{"start":{"line":7,"column":2},"end":{"line":22,"column":4}},"2":{"start":{"line":17,"column":54},"end":{"line":17,"column":73}}},"fnMap":{"0":{"name":"CartItem","decl":{"start":{"line":4,"column":24},"end":{"line":4,"column":32}},"loc":{"start":{"line":4,"column":61},"end":{"line":23,"column":1}},"line":4},"1":{"name":"(anonymous_1)","decl":{"start":{"line":17,"column":48},"end":{"line":17,"column":49}},"loc":{"start":{"line":17,"column":54},"end":{"line":17,"column":73}},"line":17}},"branchMap":{},"s":{"0":2,"1":2,"2":1},"f":{"0":2,"1":1},"b":{},"_coverageSchema":"1a1c01bbd47fc00a2c39e90264f33305004495a9","hash":"359c583f343fae531bbcea25291dc2ae785600f7"}
,"C:\\Users\\ulisi\\Desktop\\Proyecto semestral Full-Stack-React\\Fullstack-react\\src\\components\\organisms\\Catalogo\\Container.jsx": {"path":"C:\\Users\\ulisi\\Desktop\\Proyecto semestral Full-Stack-React\\Fullstack-react\\src\\components\\organisms\\Catalogo\\Container.jsx","statementMap":{"0":{"start":{"line":4,"column":26},"end":{"line":4,"column":38}},"1":{"start":{"line":6,"column":2},"end":{"line":9,"column":9}},"2":{"start":{"line":7,"column":22},"end":{"line":7,"column":72}},"3":{"start":{"line":8,"column":4},"end":{"line":8,"column":23}},"4":{"start":{"line":11,"column":20},"end":{"line":16,"column":3}},"5":{"start":{"line":12,"column":26},"end":{"line":12,"column":44}},"6":{"start":{"line":13,"column":6},"end":{"line":13,"column":27}},"7":{"start":{"line":14,"column":6},"end":{"line":14,"column":68}},"8":{"start":{"line":18,"column":17},"end":{"line":35,"column":3}},"9":{"start":{"line":37,"column":2},"end":{"line":253,"column":4}},"10":{"start":{"line":46,"column":51},"end":{"line":51,"column":14}},"11":{"start":{"line":57,"column":51},"end":{"line":62,"column":14}},"12":{"start":{"line":72,"column":51},"end":{"line":77,"column":14}},"13":{"start":{"line":83,"column":51},"end":{"line":88,"column":14}},"14":{"start":{"line":98,"column":51},"end":{"line":103,"column":14}},"15":{"start":{"line":109,"column":51},"end":{"line":114,"column":14}},"16":{"start":{"line":126,"column":51},"end":{"line":131,"column":14}},"17":{"start":{"line":137,"column":51},"end":{"line":142,"column":14}},"18":{"start":{"line":152,"column":51},"end":{"line":157,"column":14}},"19":{"start":{"line":163,"column":51},"end":{"line":168,"column":14}},"20":{"start":{"line":178,"column":51},"end":{"line":183,"column":14}},"21":{"start":{"line":189,"column":51},"end":{"line":194,"column":14}},"22":{"start":{"line":206,"column":51},"end":{"line":211,"column":14}},"23":{"start":{"line":217,"column":51},"end":{"line":222,"column":14}},"24":{"start":{"line":232,"column":51},"end":{"line":237,"column":14}},"25":{"start":{"line":243,"column":51},"end":{"line":248,"column":14}}},"fnMap":{"0":{"name":"Container","decl":{"start":{"line":3,"column":24},"end":{"line":3,"column":33}},"loc":{"start":{"line":3,"column":36},"end":{"line":254,"column":1}},"line":3},"1":{"name":"(anonymous_1)","decl":{"start":{"line":6,"column":12},"end":{"line":6,"column":13}},"loc":{"start":{"line":6,"column":18},"end":{"line":9,"column":3}},"line":6},"2":{"name":"(anonymous_2)","decl":{"start":{"line":11,"column":20},"end":{"line":11,"column":21}},"loc":{"start":{"line":11,"column":33},"end":{"line":16,"column":3}},"line":11},"3":{"name":"(anonymous_3)","decl":{"start":{"line":46,"column":45},"end":{"line":46,"column":46}},"loc":{"start":{"line":46,"column":51},"end":{"line":51,"column":14}},"line":46},"4":{"name":"(anonymous_4)","decl":{"start":{"line":57,"column":45},"end":{"line":57,"column":46}},"loc":{"start":{"line":57,"column":51},"end":{"line":62,"column":14}},"line":57},"5":{"name":"(anonymous_5)","decl":{"start":{"line":72,"column":45},"end":{"line":72,"column":46}},"loc":{"start":{"line":72,"column":51},"end":{"line":77,"column":14}},"line":72},"6":{"name":"(anonymous_6)","decl":{"start":{"line":83,"column":45},"end":{"line":83,"column":46}},"loc":{"start":{"line":83,"column":51},"end":{"line":88,"column":14}},"line":83},"7":{"name":"(anonymous_7)","decl":{"start":{"line":98,"column":45},"end":{"line":98,"column":46}},"loc":{"start":{"line":98,"column":51},"end":{"line":103,"column":14}},"line":98},"8":{"name":"(anonymous_8)","decl":{"start":{"line":109,"column":45},"end":{"line":109,"column":46}},"loc":{"start":{"line":109,"column":51},"end":{"line":114,"column":14}},"line":109},"9":{"name":"(anonymous_9)","decl":{"start":{"line":126,"column":45},"end":{"line":126,"column":46}},"loc":{"start":{"line":126,"column":51},"end":{"line":131,"column":14}},"line":126},"10":{"name":"(anonymous_10)","decl":{"start":{"line":137,"column":45},"end":{"line":137,"column":46}},"loc":{"start":{"line":137,"column":51},"end":{"line":142,"column":14}},"line":137},"11":{"name":"(anonymous_11)","decl":{"start":{"line":152,"column":45},"end":{"line":152,"column":46}},"loc":{"start":{"line":152,"column":51},"end":{"line":157,"column":14}},"line":152},"12":{"name":"(anonymous_12)","decl":{"start":{"line":163,"column":45},"end":{"line":163,"column":46}},"loc":{"start":{"line":163,"column":51},"end":{"line":168,"column":14}},"line":163},"13":{"name":"(anonymous_13)","decl":{"start":{"line":178,"column":45},"end":{"line":178,"column":46}},"loc":{"start":{"line":178,"column":51},"end":{"line":183,"column":14}},"line":178},"14":{"name":"(anonymous_14)","decl":{"start":{"line":189,"column":45},"end":{"line":189,"column":46}},"loc":{"start":{"line":189,"column":51},"end":{"line":194,"column":14}},"line":189},"15":{"name":"(anonymous_15)","decl":{"start":{"line":206,"column":45},"end":{"line":206,"column":46}},"loc":{"start":{"line":206,"column":51},"end":{"line":211,"column":14}},"line":206},"16":{"name":"(anonymous_16)","decl":{"start":{"line":217,"column":45},"end":{"line":217,"column":46}},"loc":{"start":{"line":217,"column":51},"end":{"line":222,"column":14}},"line":217},"17":{"name":"(anonymous_17)","decl":{"start":{"line":232,"column":45},"end":{"line":232,"column":46}},"loc":{"start":{"line":232,"column":51},"end":{"line":237,"column":14}},"line":232},"18":{"name":"(anonymous_18)","decl":{"start":{"line":243,"column":45},"end":{"line":243,"column":46}},"loc":{"start":{"line":243,"column":51},"end":{"line":248,"column":14}},"line":243}},"branchMap":{"0":{"loc":{"start":{"line":7,"column":22},"end":{"line":7,"column":72}},"type":"binary-expr","locations":[{"start":{"line":7,"column":22},"end":{"line":7,"column":66}},{"start":{"line":7,"column":70},"end":{"line":7,"column":72}}],"line":7}},"s":{"0":7,"1":7,"2":3,"3":3,"4":7,"5":1,"6":1,"7":1,"8":7,"9":7,"10":1,"11":0,"12":0,"13":0,"14":0,"15":0,"16":0,"17":0,"18":0,"19":0,"20":0,"21":0,"22":0,"23":0,"24":0,"25":0},"f":{"0":7,"1":3,"2":1,"3":1,"4":0,"5":0,"6":0,"7":0,"8":0,"9":0,"10":0,"11":0,"12":0,"13":0,"14":0,"15":0,"16":0,"17":0,"18":0},"b":{"0":[3,0]},"_coverageSchema":"1a1c01bbd47fc00a2c39e90264f33305004495a9","hash":"94efad0f86a3bc711c2bc0552cb91fb89a4bb531"}
,"C:\\Users\\ulisi\\Desktop\\Proyecto semestral Full-Stack-React\\Fullstack-react\\src\\components\\organisms\\Login\\Formulario.jsx": {"path":"C:\\Users\\ulisi\\Desktop\\Proyecto semestral Full-Stack-React\\Fullstack-react\\src\\components\\organisms\\Login\\Formulario.jsx","statementMap":{"0":{"start":{"line":4,"column":30},"end":{"line":4,"column":42}},"1":{"start":{"line":5,"column":28},"end":{"line":5,"column":40}},"2":{"start":{"line":6,"column":30},"end":{"line":6,"column":42}},"3":{"start":{"line":7,"column":30},"end":{"line":7,"column":42}},"4":{"start":{"line":8,"column":32},"end":{"line":8,"column":44}},"5":{"start":{"line":10,"column":23},"end":{"line":30,"column":3}},"6":{"start":{"line":11,"column":4},"end":{"line":11,"column":23}},"7":{"start":{"line":13,"column":4},"end":{"line":16,"column":5}},"8":{"start":{"line":14,"column":6},"end":{"line":14,"column":58}},"9":{"start":{"line":15,"column":6},"end":{"line":15,"column":13}},"10":{"start":{"line":18,"column":4},"end":{"line":21,"column":5}},"11":{"start":{"line":19,"column":6},"end":{"line":19,"column":59}},"12":{"start":{"line":20,"column":6},"end":{"line":20,"column":13}},"13":{"start":{"line":23,"column":4},"end":{"line":26,"column":5}},"14":{"start":{"line":24,"column":6},"end":{"line":24,"column":45}},"15":{"start":{"line":25,"column":6},"end":{"line":25,"column":13}},"16":{"start":{"line":28,"column":4},"end":{"line":28,"column":19}},"17":{"start":{"line":29,"column":4},"end":{"line":29,"column":48}},"18":{"start":{"line":32,"column":2},"end":{"line":102,"column":4}},"19":{"start":{"line":42,"column":27},"end":{"line":42,"column":52}},"20":{"start":{"line":64,"column":27},"end":{"line":64,"column":51}},"21":{"start":{"line":76,"column":27},"end":{"line":76,"column":52}},"22":{"start":{"line":87,"column":27},"end":{"line":87,"column":52}},"23":{"start":{"line":93,"column":64},"end":{"line":93,"column":78}}},"fnMap":{"0":{"name":"Formulario","decl":{"start":{"line":3,"column":24},"end":{"line":3,"column":34}},"loc":{"start":{"line":3,"column":37},"end":{"line":103,"column":1}},"line":3},"1":{"name":"(anonymous_1)","decl":{"start":{"line":10,"column":23},"end":{"line":10,"column":24}},"loc":{"start":{"line":10,"column":30},"end":{"line":30,"column":3}},"line":10},"2":{"name":"(anonymous_2)","decl":{"start":{"line":42,"column":20},"end":{"line":42,"column":21}},"loc":{"start":{"line":42,"column":27},"end":{"line":42,"column":52}},"line":42},"3":{"name":"(anonymous_3)","decl":{"start":{"line":64,"column":20},"end":{"line":64,"column":21}},"loc":{"start":{"line":64,"column":27},"end":{"line":64,"column":51}},"line":64},"4":{"name":"(anonymous_4)","decl":{"start":{"line":76,"column":20},"end":{"line":76,"column":21}},"loc":{"start":{"line":76,"column":27},"end":{"line":76,"column":52}},"line":76},"5":{"name":"(anonymous_5)","decl":{"start":{"line":87,"column":20},"end":{"line":87,"column":21}},"loc":{"start":{"line":87,"column":27},"end":{"line":87,"column":52}},"line":87},"6":{"name":"(anonymous_6)","decl":{"start":{"line":93,"column":58},"end":{"line":93,"column":59}},"loc":{"start":{"line":93,"column":64},"end":{"line":93,"column":78}},"line":93}},"branchMap":{"0":{"loc":{"start":{"line":13,"column":4},"end":{"line":16,"column":5}},"type":"if","locations":[{"start":{"line":13,"column":4},"end":{"line":16,"column":5}},{"start":{},"end":{}}],"line":13},"1":{"loc":{"start":{"line":18,"column":4},"end":{"line":21,"column":5}},"type":"if","locations":[{"start":{"line":18,"column":4},"end":{"line":21,"column":5}},{"start":{},"end":{}}],"line":18},"2":{"loc":{"start":{"line":23,"column":4},"end":{"line":26,"column":5}},"type":"if","locations":[{"start":{"line":23,"column":4},"end":{"line":26,"column":5}},{"start":{},"end":{}}],"line":23},"3":{"loc":{"start":{"line":23,"column":8},"end":{"line":23,"column":42}},"type":"binary-expr","locations":[{"start":{"line":23,"column":8},"end":{"line":23,"column":25}},{"start":{"line":23,"column":29},"end":{"line":23,"column":42}}],"line":23},"4":{"loc":{"start":{"line":43,"column":21},"end":{"line":43,"column":74}},"type":"cond-expr","locations":[{"start":{"line":43,"column":62},"end":{"line":43,"column":69}},{"start":{"line":43,"column":72},"end":{"line":43,"column":74}}],"line":43},"5":{"loc":{"start":{"line":43,"column":21},"end":{"line":43,"column":59}},"type":"binary-expr","locations":[{"start":{"line":43,"column":21},"end":{"line":43,"column":38}},{"start":{"line":43,"column":42},"end":{"line":43,"column":59}}],"line":43},"6":{"loc":{"start":{"line":65,"column":21},"end":{"line":65,"column":76}},"type":"cond-expr","locations":[{"start":{"line":65,"column":64},"end":{"line":65,"column":71}},{"start":{"line":65,"column":74},"end":{"line":65,"column":76}}],"line":65},"7":{"loc":{"start":{"line":65,"column":21},"end":{"line":65,"column":61}},"type":"binary-expr","locations":[{"start":{"line":65,"column":21},"end":{"line":65,"column":37}},{"start":{"line":65,"column":41},"end":{"line":65,"column":61}}],"line":65},"8":{"loc":{"start":{"line":88,"column":21},"end":{"line":88,"column":74}},"type":"cond-expr","locations":[{"start":{"line":88,"column":62},"end":{"line":88,"column":69}},{"start":{"line":88,"column":72},"end":{"line":88,"column":74}}],"line":88},"9":{"loc":{"start":{"line":88,"column":21},"end":{"line":88,"column":59}},"type":"binary-expr","locations":[{"start":{"line":88,"column":21},"end":{"line":88,"column":38}},{"start":{"line":88,"column":42},"end":{"line":88,"column":59}}],"line":88},"10":{"loc":{"start":{"line":100,"column":7},"end":{"line":100,"column":72}},"type":"binary-expr","locations":[{"start":{"line":100,"column":7},"end":{"line":100,"column":14}},{"start":{"line":100,"column":18},"end":{"line":100,"column":72}}],"line":100}},"s":{"0":11,"1":11,"2":11,"3":11,"4":11,"5":11,"6":2,"7":2,"8":0,"9":0,"10":2,"11":0,"12":0,"13":2,"14":1,"15":1,"16":1,"17":1,"18":11,"19":2,"20":2,"21":1,"22":1,"23":0},"f":{"0":11,"1":2,"2":2,"3":2,"4":1,"5":1,"6":0},"b":{"0":[0,2],"1":[0,2],"2":[1,1],"3":[2,2],"4":[0,11],"5":[11,8],"6":[0,11],"7":[11,6],"8":[0,11],"9":[11,2],"10":[11,1]},"_coverageSchema":"1a1c01bbd47fc00a2c39e90264f33305004495a9","hash":"9ed401d3c9392d1d9e6341e505bbef5af11c4222"}
,"C:\\Users\\ulisi\\Desktop\\Proyecto semestral Full-Stack-React\\Fullstack-react\\src\\components\\organisms\\Profile\\Card2.jsx": {"path":"C:\\Users\\ulisi\\Desktop\\Proyecto semestral Full-Stack-React\\Fullstack-react\\src\\components\\organisms\\Profile\\Card2.jsx","statementMap":{"0":{"start":{"line":4,"column":2},"end":{"line":29,"column":4}}},"fnMap":{"0":{"name":"Card2","decl":{"start":{"line":3,"column":24},"end":{"line":3,"column":29}},"loc":{"start":{"line":3,"column":32},"end":{"line":30,"column":1}},"line":3}},"branchMap":{},"s":{"0":2},"f":{"0":2},"b":{},"_coverageSchema":"1a1c01bbd47fc00a2c39e90264f33305004495a9","hash":"c3c94cdadb7b839e3f6d10a1620a59c007996ffd"}
}
