{"C:\\Users\\ulisi\\Desktop\\Proyecto semestral Full-Stack-React\\Fullstack-react\\src\\components\\organisms\\Car\\CartItem.jsx": {"path":"C:\\Users\\ulisi\\Desktop\\Proyecto semestral Full-Stack-React\\Fullstack-react\\src\\components\\organisms\\Car\\CartItem.jsx","statementMap":{"0":{"start":{"line":5,"column":68},"end":{"line":5,"column":75}},"1":{"start":{"line":7,"column":2},"end":{"line":22,"column":4}},"2":{"start":{"line":17,"column":54},"end":{"line":17,"column":82}}},"fnMap":{"0":{"name":"CartItem","decl":{"start":{"line":4,"column":24},"end":{"line":4,"column":32}},"loc":{"start":{"line":4,"column":61},"end":{"line":23,"column":1}},"line":4},"1":{"name":"(anonymous_1)","decl":{"start":{"line":17,"column":48},"end":{"line":17,"column":49}},"loc":{"start":{"line":17,"column":54},"end":{"line":17,"column":82}},"line":17}},"branchMap":{"0":{"loc":{"start":{"line":16,"column":37},"end":{"line":16,"column":58}},"type":"binary-expr","locations":[{"start":{"line":16,"column":37},"end":{"line":16,"column":53}},{"start":{"line":16,"column":57},"end":{"line":16,"column":58}}],"line":16}},"s":{"0":2,"1":2,"2":1},"f":{"0":2,"1":1},"b":{"0":[2,0]},"_coverageSchema":"1a1c01bbd47fc00a2c39e90264f33305004495a9","hash":"c704b86713083794b043af2ab7c3f1078cfcfb72"}
,"C:\\Users\\ulisi\\Desktop\\Proyecto semestral Full-Stack-React\\Fullstack-react\\src\\components\\organisms\\Catalogo\\Container.jsx": {"path":"C:\\Users\\ulisi\\Desktop\\Proyecto semestral Full-Stack-React\\Fullstack-react\\src\\components\\organisms\\Catalogo\\Container.jsx","statementMap":{"0":{"start":{"line":6,"column":23},"end":{"line":8,"column":1}},"1":{"start":{"line":11,"column":36},"end":{"line":11,"column":48}},"2":{"start":{"line":12,"column":32},"end":{"line":12,"column":44}},"3":{"start":{"line":15,"column":2},"end":{"line":25,"column":9}},"4":{"start":{"line":16,"column":4},"end":{"line":24,"column":49}},"5":{"start":{"line":18,"column":8},"end":{"line":22,"column":9}},"6":{"start":{"line":19,"column":10},"end":{"line":19,"column":38}},"7":{"start":{"line":21,"column":10},"end":{"line":21,"column":39}},"8":{"start":{"line":24,"column":19},"end":{"line":24,"column":47}},"9":{"start":{"line":28,"column":20},"end":{"line":67,"column":3}},"10":{"start":{"line":29,"column":20},"end":{"line":29,"column":63}},"11":{"start":{"line":32,"column":4},"end":{"line":36,"column":5}},"12":{"start":{"line":33,"column":6},"end":{"line":33,"column":67}},"13":{"start":{"line":34,"column":6},"end":{"line":34,"column":45}},"14":{"start":{"line":34,"column":23},"end":{"line":34,"column":37}},"15":{"start":{"line":35,"column":6},"end":{"line":35,"column":13}},"16":{"start":{"line":38,"column":27},"end":{"line":42,"column":5}},"17":{"start":{"line":44,"column":4},"end":{"line":44,"column":56}},"18":{"start":{"line":46,"column":4},"end":{"line":66,"column":5}},"19":{"start":{"line":48,"column":6},"end":{"line":48,"column":64}},"20":{"start":{"line":51,"column":6},"end":{"line":51,"column":61}},"21":{"start":{"line":52,"column":6},"end":{"line":52,"column":45}},"22":{"start":{"line":52,"column":23},"end":{"line":52,"column":37}},"23":{"start":{"line":55,"column":6},"end":{"line":55,"column":53}},"24":{"start":{"line":59,"column":6},"end":{"line":59,"column":62}},"25":{"start":{"line":60,"column":21},"end":{"line":60,"column":75}},"26":{"start":{"line":61,"column":6},"end":{"line":63,"column":7}},"27":{"start":{"line":62,"column":8},"end":{"line":62,"column":66}},"28":{"start":{"line":64,"column":6},"end":{"line":64,"column":35}},"29":{"start":{"line":65,"column":6},"end":{"line":65,"column":45}},"30":{"start":{"line":65,"column":23},"end":{"line":65,"column":37}},"31":{"start":{"line":69,"column":29},"end":{"line":69,"column":31}},"32":{"start":{"line":70,"column":22},"end":{"line":79,"column":3}},"33":{"start":{"line":81,"column":16},"end":{"line":81,"column":18}},"34":{"start":{"line":82,"column":2},"end":{"line":84,"column":3}},"35":{"start":{"line":82,"column":15},"end":{"line":82,"column":16}},"36":{"start":{"line":83,"column":4},"end":{"line":83,"column":42}},"37":{"start":{"line":86,"column":2},"end":{"line":136,"column":4}},"38":{"start":{"line":97,"column":26},"end":{"line":97,"column":107}},"39":{"start":{"line":97,"column":49},"end":{"line":97,"column":54}},"40":{"start":{"line":97,"column":70},"end":{"line":97,"column":79}},"41":{"start":{"line":98,"column":29},"end":{"line":98,"column":98}},"42":{"start":{"line":99,"column":10},"end":{"line":131,"column":12}},"43":{"start":{"line":103,"column":32},"end":{"line":103,"column":41}},"44":{"start":{"line":107,"column":18},"end":{"line":127,"column":24}},"45":{"start":{"line":119,"column":24},"end":{"line":122,"column":26}}},"fnMap":{"0":{"name":"Container","decl":{"start":{"line":10,"column":24},"end":{"line":10,"column":33}},"loc":{"start":{"line":10,"column":36},"end":{"line":137,"column":1}},"line":10},"1":{"name":"(anonymous_1)","decl":{"start":{"line":15,"column":12},"end":{"line":15,"column":13}},"loc":{"start":{"line":15,"column":18},"end":{"line":25,"column":3}},"line":15},"2":{"name":"(anonymous_2)","decl":{"start":{"line":17,"column":12},"end":{"line":17,"column":13}},"loc":{"start":{"line":17,"column":26},"end":{"line":23,"column":7}},"line":17},"3":{"name":"(anonymous_3)","decl":{"start":{"line":24,"column":13},"end":{"line":24,"column":14}},"loc":{"start":{"line":24,"column":19},"end":{"line":24,"column":47}},"line":24},"4":{"name":"(anonymous_4)","decl":{"start":{"line":28,"column":20},"end":{"line":28,"column":21}},"loc":{"start":{"line":28,"column":40},"end":{"line":67,"column":3}},"line":28},"5":{"name":"(anonymous_5)","decl":{"start":{"line":34,"column":17},"end":{"line":34,"column":18}},"loc":{"start":{"line":34,"column":23},"end":{"line":34,"column":37}},"line":34},"6":{"name":"(anonymous_6)","decl":{"start":{"line":52,"column":17},"end":{"line":52,"column":18}},"loc":{"start":{"line":52,"column":23},"end":{"line":52,"column":37}},"line":52},"7":{"name":"(anonymous_7)","decl":{"start":{"line":65,"column":17},"end":{"line":65,"column":18}},"loc":{"start":{"line":65,"column":23},"end":{"line":65,"column":37}},"line":65},"8":{"name":"(anonymous_8)","decl":{"start":{"line":96,"column":19},"end":{"line":96,"column":20}},"loc":{"start":{"line":96,"column":33},"end":{"line":132,"column":9}},"line":96},"9":{"name":"(anonymous_9)","decl":{"start":{"line":97,"column":42},"end":{"line":97,"column":43}},"loc":{"start":{"line":97,"column":49},"end":{"line":97,"column":54}},"line":97},"10":{"name":"(anonymous_10)","decl":{"start":{"line":97,"column":63},"end":{"line":97,"column":64}},"loc":{"start":{"line":97,"column":70},"end":{"line":97,"column":79}},"line":97},"11":{"name":"(anonymous_11)","decl":{"start":{"line":103,"column":25},"end":{"line":103,"column":26}},"loc":{"start":{"line":103,"column":32},"end":{"line":103,"column":41}},"line":103},"12":{"name":"(anonymous_12)","decl":{"start":{"line":106,"column":25},"end":{"line":106,"column":26}},"loc":{"start":{"line":107,"column":18},"end":{"line":127,"column":24}},"line":107},"13":{"name":"(anonymous_13)","decl":{"start":{"line":118,"column":31},"end":{"line":118,"column":32}},"loc":{"start":{"line":119,"column":24},"end":{"line":122,"column":26}},"line":119}},"branchMap":{"0":{"loc":{"start":{"line":18,"column":8},"end":{"line":22,"column":9}},"type":"if","locations":[{"start":{"line":18,"column":8},"end":{"line":22,"column":9}},{"start":{"line":20,"column":15},"end":{"line":22,"column":9}}],"line":18},"1":{"loc":{"start":{"line":18,"column":12},"end":{"line":18,"column":53}},"type":"binary-expr","locations":[{"start":{"line":18,"column":12},"end":{"line":18,"column":25}},{"start":{"line":18,"column":29},"end":{"line":18,"column":53}}],"line":18},"2":{"loc":{"start":{"line":32,"column":4},"end":{"line":36,"column":5}},"type":"if","locations":[{"start":{"line":32,"column":4},"end":{"line":36,"column":5}},{"start":{},"end":{}}],"line":32},"3":{"loc":{"start":{"line":61,"column":6},"end":{"line":63,"column":7}},"type":"if","locations":[{"start":{"line":61,"column":6},"end":{"line":63,"column":7}},{"start":{},"end":{}}],"line":61},"4":{"loc":{"start":{"line":61,"column":10},"end":{"line":61,"column":57}},"type":"binary-expr","locations":[{"start":{"line":61,"column":10},"end":{"line":61,"column":24}},{"start":{"line":61,"column":28},"end":{"line":61,"column":57}}],"line":61},"5":{"loc":{"start":{"line":89,"column":7},"end":{"line":93,"column":7}},"type":"binary-expr","locations":[{"start":{"line":89,"column":7},"end":{"line":89,"column":14}},{"start":{"line":90,"column":8},"end":{"line":92,"column":14}}],"line":89},"6":{"loc":{"start":{"line":90,"column":41},"end":{"line":90,"column":87}},"type":"cond-expr","locations":[{"start":{"line":90,"column":66},"end":{"line":90,"column":75}},{"start":{"line":90,"column":78},"end":{"line":90,"column":87}}],"line":90},"7":{"loc":{"start":{"line":97,"column":26},"end":{"line":97,"column":107}},"type":"binary-expr","locations":[{"start":{"line":97,"column":26},"end":{"line":97,"column":90}},{"start":{"line":97,"column":94},"end":{"line":97,"column":107}}],"line":97},"8":{"loc":{"start":{"line":97,"column":27},"end":{"line":97,"column":36}},"type":"binary-expr","locations":[{"start":{"line":97,"column":27},"end":{"line":97,"column":30}},{"start":{"line":97,"column":34},"end":{"line":97,"column":36}}],"line":97},"9":{"loc":{"start":{"line":98,"column":29},"end":{"line":98,"column":98}},"type":"binary-expr","locations":[{"start":{"line":98,"column":29},"end":{"line":98,"column":56}},{"start":{"line":98,"column":60},"end":{"line":98,"column":76}},{"start":{"line":98,"column":80},"end":{"line":98,"column":98}}],"line":98}},"s":{"0":1,"1":7,"2":6,"3":6,"4":3,"5":3,"6":3,"7":0,"8":0,"9":6,"10":1,"11":1,"12":0,"13":0,"14":0,"15":0,"16":1,"17":1,"18":1,"19":1,"20":1,"21":1,"22":0,"23":1,"24":0,"25":0,"26":0,"27":0,"28":0,"29":0,"30":0,"31":6,"32":6,"33":6,"34":6,"35":6,"36":3,"37":6,"38":3,"39":6,"40":6,"41":3,"42":3,"43":6,"44":6,"45":1},"f":{"0":7,"1":3,"2":3,"3":0,"4":1,"5":0,"6":0,"7":0,"8":3,"9":6,"10":6,"11":6,"12":6,"13":1},"b":{"0":[3,0],"1":[3,3],"2":[0,1],"3":[0,0],"4":[0,0],"5":[6,0],"6":[0,0],"7":[3,0],"8":[3,0],"9":[3,3,0]},"_coverageSchema":"1a1c01bbd47fc00a2c39e90264f33305004495a9","hash":"994f122a86286562d393f9b327c8cbef39d54a12"}
,"C:\\Users\\ulisi\\Desktop\\Proyecto semestral Full-Stack-React\\Fullstack-react\\src\\components\\organisms\\Login\\Formulario.jsx": {"path":"C:\\Users\\ulisi\\Desktop\\Proyecto semestral Full-Stack-React\\Fullstack-react\\src\\components\\organisms\\Login\\Formulario.jsx","statementMap":{"0":{"start":{"line":5,"column":30},"end":{"line":5,"column":42}},"1":{"start":{"line":6,"column":36},"end":{"line":6,"column":48}},"2":{"start":{"line":7,"column":36},"end":{"line":7,"column":48}},"3":{"start":{"line":8,"column":28},"end":{"line":8,"column":40}},"4":{"start":{"line":9,"column":30},"end":{"line":9,"column":42}},"5":{"start":{"line":10,"column":30},"end":{"line":10,"column":42}},"6":{"start":{"line":11,"column":32},"end":{"line":11,"column":44}},"7":{"start":{"line":12,"column":32},"end":{"line":12,"column":44}},"8":{"start":{"line":14,"column":23},"end":{"line":77,"column":3}},"9":{"start":{"line":15,"column":4},"end":{"line":15,"column":23}},"10":{"start":{"line":18,"column":4},"end":{"line":21,"column":5}},"11":{"start":{"line":19,"column":6},"end":{"line":19,"column":58}},"12":{"start":{"line":20,"column":6},"end":{"line":20,"column":13}},"13":{"start":{"line":23,"column":4},"end":{"line":26,"column":5}},"14":{"start":{"line":24,"column":6},"end":{"line":24,"column":41}},"15":{"start":{"line":25,"column":6},"end":{"line":25,"column":13}},"16":{"start":{"line":28,"column":4},"end":{"line":31,"column":5}},"17":{"start":{"line":29,"column":6},"end":{"line":29,"column":59}},"18":{"start":{"line":30,"column":6},"end":{"line":30,"column":13}},"19":{"start":{"line":33,"column":4},"end":{"line":36,"column":5}},"20":{"start":{"line":34,"column":6},"end":{"line":34,"column":50}},"21":{"start":{"line":35,"column":6},"end":{"line":35,"column":13}},"22":{"start":{"line":38,"column":4},"end":{"line":41,"column":5}},"23":{"start":{"line":39,"column":6},"end":{"line":39,"column":42}},"24":{"start":{"line":40,"column":6},"end":{"line":40,"column":13}},"25":{"start":{"line":43,"column":4},"end":{"line":46,"column":5}},"26":{"start":{"line":44,"column":6},"end":{"line":44,"column":68}},"27":{"start":{"line":45,"column":6},"end":{"line":45,"column":13}},"28":{"start":{"line":48,"column":4},"end":{"line":48,"column":19}},"29":{"start":{"line":51,"column":25},"end":{"line":57,"column":5}},"30":{"start":{"line":60,"column":4},"end":{"line":76,"column":9}},"31":{"start":{"line":62,"column":8},"end":{"line":62,"column":54}},"32":{"start":{"line":63,"column":8},"end":{"line":63,"column":57}},"33":{"start":{"line":66,"column":8},"end":{"line":66,"column":22}},"34":{"start":{"line":67,"column":8},"end":{"line":67,"column":25}},"35":{"start":{"line":68,"column":8},"end":{"line":68,"column":25}},"36":{"start":{"line":69,"column":8},"end":{"line":69,"column":21}},"37":{"start":{"line":70,"column":8},"end":{"line":70,"column":22}},"38":{"start":{"line":71,"column":8},"end":{"line":71,"column":22}},"39":{"start":{"line":74,"column":8},"end":{"line":74,"column":60}},"40":{"start":{"line":75,"column":8},"end":{"line":75,"column":77}},"41":{"start":{"line":79,"column":2},"end":{"line":170,"column":4}},"42":{"start":{"line":90,"column":27},"end":{"line":90,"column":52}},"43":{"start":{"line":101,"column":27},"end":{"line":101,"column":55}},"44":{"start":{"line":112,"column":27},"end":{"line":112,"column":55}},"45":{"start":{"line":123,"column":27},"end":{"line":123,"column":51}},"46":{"start":{"line":134,"column":27},"end":{"line":134,"column":52}},"47":{"start":{"line":145,"column":27},"end":{"line":145,"column":52}},"48":{"start":{"line":154,"column":25},"end":{"line":154,"column":39}}},"fnMap":{"0":{"name":"Formulario","decl":{"start":{"line":4,"column":24},"end":{"line":4,"column":34}},"loc":{"start":{"line":4,"column":37},"end":{"line":171,"column":1}},"line":4},"1":{"name":"(anonymous_1)","decl":{"start":{"line":14,"column":23},"end":{"line":14,"column":24}},"loc":{"start":{"line":14,"column":30},"end":{"line":77,"column":3}},"line":14},"2":{"name":"(anonymous_2)","decl":{"start":{"line":61,"column":12},"end":{"line":61,"column":13}},"loc":{"start":{"line":61,"column":26},"end":{"line":72,"column":7}},"line":61},"3":{"name":"(anonymous_3)","decl":{"start":{"line":73,"column":13},"end":{"line":73,"column":14}},"loc":{"start":{"line":73,"column":24},"end":{"line":76,"column":7}},"line":73},"4":{"name":"(anonymous_4)","decl":{"start":{"line":90,"column":20},"end":{"line":90,"column":21}},"loc":{"start":{"line":90,"column":27},"end":{"line":90,"column":52}},"line":90},"5":{"name":"(anonymous_5)","decl":{"start":{"line":101,"column":20},"end":{"line":101,"column":21}},"loc":{"start":{"line":101,"column":27},"end":{"line":101,"column":55}},"line":101},"6":{"name":"(anonymous_6)","decl":{"start":{"line":112,"column":20},"end":{"line":112,"column":21}},"loc":{"start":{"line":112,"column":27},"end":{"line":112,"column":55}},"line":112},"7":{"name":"(anonymous_7)","decl":{"start":{"line":123,"column":20},"end":{"line":123,"column":21}},"loc":{"start":{"line":123,"column":27},"end":{"line":123,"column":51}},"line":123},"8":{"name":"(anonymous_8)","decl":{"start":{"line":134,"column":20},"end":{"line":134,"column":21}},"loc":{"start":{"line":134,"column":27},"end":{"line":134,"column":52}},"line":134},"9":{"name":"(anonymous_9)","decl":{"start":{"line":145,"column":20},"end":{"line":145,"column":21}},"loc":{"start":{"line":145,"column":27},"end":{"line":145,"column":52}},"line":145},"10":{"name":"(anonymous_10)","decl":{"start":{"line":154,"column":19},"end":{"line":154,"column":20}},"loc":{"start":{"line":154,"column":25},"end":{"line":154,"column":39}},"line":154}},"branchMap":{"0":{"loc":{"start":{"line":18,"column":4},"end":{"line":21,"column":5}},"type":"if","locations":[{"start":{"line":18,"column":4},"end":{"line":21,"column":5}},{"start":{},"end":{}}],"line":18},"1":{"loc":{"start":{"line":23,"column":4},"end":{"line":26,"column":5}},"type":"if","locations":[{"start":{"line":23,"column":4},"end":{"line":26,"column":5}},{"start":{},"end":{}}],"line":23},"2":{"loc":{"start":{"line":28,"column":4},"end":{"line":31,"column":5}},"type":"if","locations":[{"start":{"line":28,"column":4},"end":{"line":31,"column":5}},{"start":{},"end":{}}],"line":28},"3":{"loc":{"start":{"line":33,"column":4},"end":{"line":36,"column":5}},"type":"if","locations":[{"start":{"line":33,"column":4},"end":{"line":36,"column":5}},{"start":{},"end":{}}],"line":33},"4":{"loc":{"start":{"line":33,"column":8},"end":{"line":33,"column":42}},"type":"binary-expr","locations":[{"start":{"line":33,"column":8},"end":{"line":33,"column":25}},{"start":{"line":33,"column":29},"end":{"line":33,"column":42}}],"line":33},"5":{"loc":{"start":{"line":38,"column":4},"end":{"line":41,"column":5}},"type":"if","locations":[{"start":{"line":38,"column":4},"end":{"line":41,"column":5}},{"start":{},"end":{}}],"line":38},"6":{"loc":{"start":{"line":43,"column":4},"end":{"line":46,"column":5}},"type":"if","locations":[{"start":{"line":43,"column":4},"end":{"line":46,"column":5}},{"start":{},"end":{}}],"line":43},"7":{"loc":{"start":{"line":163,"column":7},"end":{"line":167,"column":7}},"type":"binary-expr","locations":[{"start":{"line":163,"column":7},"end":{"line":163,"column":14}},{"start":{"line":164,"column":8},"end":{"line":166,"column":12}}],"line":163},"8":{"loc":{"start":{"line":168,"column":7},"end":{"line":168,"column":61}},"type":"binary-expr","locations":[{"start":{"line":168,"column":7},"end":{"line":168,"column":14}},{"start":{"line":168,"column":18},"end":{"line":168,"column":61}}],"line":168}},"s":{"0":18,"1":18,"2":18,"3":18,"4":18,"5":18,"6":18,"7":18,"8":18,"9":2,"10":2,"11":0,"12":0,"13":2,"14":0,"15":0,"16":2,"17":1,"18":1,"19":1,"20":0,"21":0,"22":1,"23":0,"24":0,"25":1,"26":0,"27":0,"28":1,"29":1,"30":1,"31":1,"32":1,"33":1,"34":1,"35":1,"36":1,"37":1,"38":1,"39":0,"40":0,"41":18,"42":2,"43":2,"44":2,"45":2,"46":2,"47":2,"48":0},"f":{"0":18,"1":2,"2":1,"3":0,"4":2,"5":2,"6":2,"7":2,"8":2,"9":2,"10":0},"b":{"0":[0,2],"1":[0,2],"2":[1,1],"3":[0,1],"4":[1,1],"5":[0,1],"6":[0,1],"7":[18,1],"8":[18,1]},"_coverageSchema":"1a1c01bbd47fc00a2c39e90264f33305004495a9","hash":"752e1f67ab8548832e9790906e5a32293658c399"}
,"C:\\Users\\ulisi\\Desktop\\Proyecto semestral Full-Stack-React\\Fullstack-react\\src\\components\\organisms\\Profile\\Card2.jsx": {"path":"C:\\Users\\ulisi\\Desktop\\Proyecto semestral Full-Stack-React\\Fullstack-react\\src\\components\\organisms\\Profile\\Card2.jsx","statementMap":{"0":{"start":{"line":6,"column":26},"end":{"line":12,"column":4}},"1":{"start":{"line":13,"column":40},"end":{"line":18,"column":4}},"2":{"start":{"line":19,"column":30},"end":{"line":19,"column":44}},"3":{"start":{"line":20,"column":30},"end":{"line":20,"column":45}},"4":{"start":{"line":21,"column":34},"end":{"line":21,"column":46}},"5":{"start":{"line":22,"column":28},"end":{"line":22,"column":40}},"6":{"start":{"line":24,"column":2},"end":{"line":54,"column":9}},"7":{"start":{"line":25,"column":25},"end":{"line":25,"column":68}},"8":{"start":{"line":26,"column":4},"end":{"line":29,"column":5}},"9":{"start":{"line":27,"column":6},"end":{"line":27,"column":62}},"10":{"start":{"line":28,"column":6},"end":{"line":28,"column":13}},"11":{"start":{"line":30,"column":4},"end":{"line":30,"column":31}},"12":{"start":{"line":31,"column":4},"end":{"line":53,"column":9}},"13":{"start":{"line":33,"column":18},"end":{"line":33,"column":42}},"14":{"start":{"line":34,"column":21},"end":{"line":39,"column":9}},"15":{"start":{"line":40,"column":8},"end":{"line":40,"column":45}},"16":{"start":{"line":41,"column":8},"end":{"line":41,"column":29}},"17":{"start":{"line":44,"column":18},"end":{"line":44,"column":30}},"18":{"start":{"line":45,"column":21},"end":{"line":50,"column":9}},"19":{"start":{"line":51,"column":8},"end":{"line":51,"column":45}},"20":{"start":{"line":52,"column":8},"end":{"line":52,"column":29}},"21":{"start":{"line":56,"column":19},"end":{"line":63,"column":3}},"22":{"start":{"line":57,"column":26},"end":{"line":57,"column":34}},"23":{"start":{"line":58,"column":4},"end":{"line":58,"column":67}},"24":{"start":{"line":58,"column":25},"end":{"line":58,"column":67}},"25":{"start":{"line":58,"column":41},"end":{"line":58,"column":64}},"26":{"start":{"line":59,"column":4},"end":{"line":59,"column":71}},"27":{"start":{"line":59,"column":27},"end":{"line":59,"column":71}},"28":{"start":{"line":59,"column":43},"end":{"line":59,"column":68}},"29":{"start":{"line":60,"column":4},"end":{"line":60,"column":67}},"30":{"start":{"line":60,"column":25},"end":{"line":60,"column":67}},"31":{"start":{"line":60,"column":41},"end":{"line":60,"column":64}},"32":{"start":{"line":61,"column":4},"end":{"line":61,"column":73}},"33":{"start":{"line":61,"column":28},"end":{"line":61,"column":73}},"34":{"start":{"line":61,"column":44},"end":{"line":61,"column":70}},"35":{"start":{"line":62,"column":4},"end":{"line":62,"column":75}},"36":{"start":{"line":62,"column":29},"end":{"line":62,"column":75}},"37":{"start":{"line":62,"column":45},"end":{"line":62,"column":72}},"38":{"start":{"line":65,"column":17},"end":{"line":133,"column":3}},"39":{"start":{"line":66,"column":4},"end":{"line":66,"column":24}},"40":{"start":{"line":66,"column":17},"end":{"line":66,"column":24}},"41":{"start":{"line":67,"column":4},"end":{"line":67,"column":20}},"42":{"start":{"line":68,"column":4},"end":{"line":68,"column":20}},"43":{"start":{"line":69,"column":4},"end":{"line":69,"column":17}},"44":{"start":{"line":72,"column":17},"end":{"line":72,"column":66}},"45":{"start":{"line":74,"column":20},"end":{"line":74,"column":31}},"46":{"start":{"line":76,"column":4},"end":{"line":76,"column":24}},"47":{"start":{"line":79,"column":22},"end":{"line":79,"column":167}},"48":{"start":{"line":80,"column":24},"end":{"line":80,"column":179}},"49":{"start":{"line":81,"column":22},"end":{"line":81,"column":162}},"50":{"start":{"line":82,"column":25},"end":{"line":82,"column":182}},"51":{"start":{"line":85,"column":4},"end":{"line":85,"column":106}},"52":{"start":{"line":85,"column":73},"end":{"line":85,"column":106}},"53":{"start":{"line":86,"column":4},"end":{"line":86,"column":116}},"54":{"start":{"line":86,"column":79},"end":{"line":86,"column":116}},"55":{"start":{"line":87,"column":4},"end":{"line":87,"column":106}},"56":{"start":{"line":87,"column":73},"end":{"line":87,"column":106}},"57":{"start":{"line":88,"column":4},"end":{"line":88,"column":121}},"58":{"start":{"line":88,"column":82},"end":{"line":88,"column":121}},"59":{"start":{"line":89,"column":4},"end":{"line":89,"column":95}},"60":{"start":{"line":89,"column":58},"end":{"line":89,"column":95}},"61":{"start":{"line":92,"column":4},"end":{"line":92,"column":25}},"62":{"start":{"line":93,"column":4},"end":{"line":93,"column":25}},"63":{"start":{"line":94,"column":4},"end":{"line":94,"column":31}},"64":{"start":{"line":98,"column":6},"end":{"line":102,"column":57}},"65":{"start":{"line":103,"column":4},"end":{"line":107,"column":5}},"66":{"start":{"line":104,"column":6},"end":{"line":104,"column":47}},"67":{"start":{"line":105,"column":6},"end":{"line":105,"column":23}},"68":{"start":{"line":106,"column":6},"end":{"line":106,"column":13}},"69":{"start":{"line":109,"column":4},"end":{"line":132,"column":5}},"70":{"start":{"line":110,"column":18},"end":{"line":110,"column":69}},"71":{"start":{"line":111,"column":22},"end":{"line":111,"column":41}},"72":{"start":{"line":112,"column":19},"end":{"line":112,"column":68}},"73":{"start":{"line":113,"column":21},"end":{"line":113,"column":44}},"74":{"start":{"line":114,"column":6},"end":{"line":114,"column":62}},"75":{"start":{"line":115,"column":6},"end":{"line":115,"column":54}},"76":{"start":{"line":116,"column":6},"end":{"line":116,"column":49}},"77":{"start":{"line":116,"column":22},"end":{"line":116,"column":46}},"78":{"start":{"line":118,"column":6},"end":{"line":123,"column":9}},"79":{"start":{"line":125,"column":21},"end":{"line":125,"column":40}},"80":{"start":{"line":126,"column":25},"end":{"line":126,"column":100}},"81":{"start":{"line":127,"column":18},"end":{"line":127,"column":69}},"82":{"start":{"line":128,"column":6},"end":{"line":128,"column":82}},"83":{"start":{"line":129,"column":6},"end":{"line":129,"column":63}},"84":{"start":{"line":131,"column":6},"end":{"line":131,"column":23}},"85":{"start":{"line":135,"column":2},"end":{"line":162,"column":4}}},"fnMap":{"0":{"name":"Card2","decl":{"start":{"line":5,"column":24},"end":{"line":5,"column":29}},"loc":{"start":{"line":5,"column":32},"end":{"line":163,"column":1}},"line":5},"1":{"name":"(anonymous_1)","decl":{"start":{"line":24,"column":12},"end":{"line":24,"column":13}},"loc":{"start":{"line":24,"column":18},"end":{"line":54,"column":3}},"line":24},"2":{"name":"(anonymous_2)","decl":{"start":{"line":32,"column":12},"end":{"line":32,"column":13}},"loc":{"start":{"line":32,"column":21},"end":{"line":42,"column":7}},"line":32},"3":{"name":"(anonymous_3)","decl":{"start":{"line":43,"column":13},"end":{"line":43,"column":14}},"loc":{"start":{"line":43,"column":19},"end":{"line":53,"column":7}},"line":43},"4":{"name":"(anonymous_4)","decl":{"start":{"line":56,"column":19},"end":{"line":56,"column":20}},"loc":{"start":{"line":56,"column":26},"end":{"line":63,"column":3}},"line":56},"5":{"name":"(anonymous_5)","decl":{"start":{"line":58,"column":33},"end":{"line":58,"column":34}},"loc":{"start":{"line":58,"column":41},"end":{"line":58,"column":64}},"line":58},"6":{"name":"(anonymous_6)","decl":{"start":{"line":59,"column":35},"end":{"line":59,"column":36}},"loc":{"start":{"line":59,"column":43},"end":{"line":59,"column":68}},"line":59},"7":{"name":"(anonymous_7)","decl":{"start":{"line":60,"column":33},"end":{"line":60,"column":34}},"loc":{"start":{"line":60,"column":41},"end":{"line":60,"column":64}},"line":60},"8":{"name":"(anonymous_8)","decl":{"start":{"line":61,"column":36},"end":{"line":61,"column":37}},"loc":{"start":{"line":61,"column":44},"end":{"line":61,"column":70}},"line":61},"9":{"name":"(anonymous_9)","decl":{"start":{"line":62,"column":37},"end":{"line":62,"column":38}},"loc":{"start":{"line":62,"column":45},"end":{"line":62,"column":72}},"line":62},"10":{"name":"(anonymous_10)","decl":{"start":{"line":65,"column":17},"end":{"line":65,"column":18}},"loc":{"start":{"line":65,"column":29},"end":{"line":133,"column":3}},"line":65},"11":{"name":"(anonymous_11)","decl":{"start":{"line":116,"column":14},"end":{"line":116,"column":15}},"loc":{"start":{"line":116,"column":22},"end":{"line":116,"column":46}},"line":116}},"branchMap":{"0":{"loc":{"start":{"line":26,"column":4},"end":{"line":29,"column":5}},"type":"if","locations":[{"start":{"line":26,"column":4},"end":{"line":29,"column":5}},{"start":{},"end":{}}],"line":26},"1":{"loc":{"start":{"line":26,"column":8},"end":{"line":26,"column":41}},"type":"binary-expr","locations":[{"start":{"line":26,"column":8},"end":{"line":26,"column":21}},{"start":{"line":26,"column":25},"end":{"line":26,"column":41}}],"line":26},"2":{"loc":{"start":{"line":33,"column":18},"end":{"line":33,"column":42}},"type":"binary-expr","locations":[{"start":{"line":33,"column":18},"end":{"line":33,"column":26}},{"start":{"line":33,"column":30},"end":{"line":33,"column":42}}],"line":33},"3":{"loc":{"start":{"line":35,"column":18},"end":{"line":35,"column":45}},"type":"binary-expr","locations":[{"start":{"line":35,"column":18},"end":{"line":35,"column":27}},{"start":{"line":35,"column":31},"end":{"line":35,"column":39}},{"start":{"line":35,"column":43},"end":{"line":35,"column":45}}],"line":35},"4":{"loc":{"start":{"line":36,"column":20},"end":{"line":36,"column":51}},"type":"binary-expr","locations":[{"start":{"line":36,"column":20},"end":{"line":36,"column":31}},{"start":{"line":36,"column":35},"end":{"line":36,"column":45}},{"start":{"line":36,"column":49},"end":{"line":36,"column":51}}],"line":36},"5":{"loc":{"start":{"line":37,"column":18},"end":{"line":37,"column":43}},"type":"binary-expr","locations":[{"start":{"line":37,"column":18},"end":{"line":37,"column":26}},{"start":{"line":37,"column":30},"end":{"line":37,"column":37}},{"start":{"line":37,"column":41},"end":{"line":37,"column":43}}],"line":37},"6":{"loc":{"start":{"line":38,"column":21},"end":{"line":38,"column":53}},"type":"binary-expr","locations":[{"start":{"line":38,"column":21},"end":{"line":38,"column":32}},{"start":{"line":38,"column":36},"end":{"line":38,"column":47}},{"start":{"line":38,"column":51},"end":{"line":38,"column":53}}],"line":38},"7":{"loc":{"start":{"line":46,"column":18},"end":{"line":46,"column":45}},"type":"binary-expr","locations":[{"start":{"line":46,"column":18},"end":{"line":46,"column":27}},{"start":{"line":46,"column":31},"end":{"line":46,"column":39}},{"start":{"line":46,"column":43},"end":{"line":46,"column":45}}],"line":46},"8":{"loc":{"start":{"line":47,"column":20},"end":{"line":47,"column":51}},"type":"binary-expr","locations":[{"start":{"line":47,"column":20},"end":{"line":47,"column":31}},{"start":{"line":47,"column":35},"end":{"line":47,"column":45}},{"start":{"line":47,"column":49},"end":{"line":47,"column":51}}],"line":47},"9":{"loc":{"start":{"line":48,"column":18},"end":{"line":48,"column":43}},"type":"binary-expr","locations":[{"start":{"line":48,"column":18},"end":{"line":48,"column":26}},{"start":{"line":48,"column":30},"end":{"line":48,"column":37}},{"start":{"line":48,"column":41},"end":{"line":48,"column":43}}],"line":48},"10":{"loc":{"start":{"line":49,"column":21},"end":{"line":49,"column":53}},"type":"binary-expr","locations":[{"start":{"line":49,"column":21},"end":{"line":49,"column":32}},{"start":{"line":49,"column":36},"end":{"line":49,"column":47}},{"start":{"line":49,"column":51},"end":{"line":49,"column":53}}],"line":49},"11":{"loc":{"start":{"line":58,"column":4},"end":{"line":58,"column":67}},"type":"if","locations":[{"start":{"line":58,"column":4},"end":{"line":58,"column":67}},{"start":{},"end":{}}],"line":58},"12":{"loc":{"start":{"line":59,"column":4},"end":{"line":59,"column":71}},"type":"if","locations":[{"start":{"line":59,"column":4},"end":{"line":59,"column":71}},{"start":{},"end":{}}],"line":59},"13":{"loc":{"start":{"line":60,"column":4},"end":{"line":60,"column":67}},"type":"if","locations":[{"start":{"line":60,"column":4},"end":{"line":60,"column":67}},{"start":{},"end":{}}],"line":60},"14":{"loc":{"start":{"line":61,"column":4},"end":{"line":61,"column":73}},"type":"if","locations":[{"start":{"line":61,"column":4},"end":{"line":61,"column":73}},{"start":{},"end":{}}],"line":61},"15":{"loc":{"start":{"line":62,"column":4},"end":{"line":62,"column":75}},"type":"if","locations":[{"start":{"line":62,"column":4},"end":{"line":62,"column":75}},{"start":{},"end":{}}],"line":62},"16":{"loc":{"start":{"line":66,"column":4},"end":{"line":66,"column":24}},"type":"if","locations":[{"start":{"line":66,"column":4},"end":{"line":66,"column":24}},{"start":{},"end":{}}],"line":66},"17":{"loc":{"start":{"line":72,"column":17},"end":{"line":72,"column":66}},"type":"binary-expr","locations":[{"start":{"line":72,"column":17},"end":{"line":72,"column":60}},{"start":{"line":72,"column":64},"end":{"line":72,"column":66}}],"line":72},"18":{"loc":{"start":{"line":79,"column":22},"end":{"line":79,"column":167}},"type":"cond-expr","locations":[{"start":{"line":79,"column":78},"end":{"line":79,"column":87}},{"start":{"line":79,"column":91},"end":{"line":79,"column":166}}],"line":79},"19":{"loc":{"start":{"line":79,"column":91},"end":{"line":79,"column":166}},"type":"cond-expr","locations":[{"start":{"line":79,"column":146},"end":{"line":79,"column":154}},{"start":{"line":79,"column":157},"end":{"line":79,"column":166}}],"line":79},"20":{"loc":{"start":{"line":80,"column":24},"end":{"line":80,"column":179}},"type":"cond-expr","locations":[{"start":{"line":80,"column":82},"end":{"line":80,"column":93}},{"start":{"line":80,"column":97},"end":{"line":80,"column":178}}],"line":80},"21":{"loc":{"start":{"line":80,"column":97},"end":{"line":80,"column":178}},"type":"cond-expr","locations":[{"start":{"line":80,"column":154},"end":{"line":80,"column":164}},{"start":{"line":80,"column":167},"end":{"line":80,"column":178}}],"line":80},"22":{"loc":{"start":{"line":81,"column":22},"end":{"line":81,"column":162}},"type":"cond-expr","locations":[{"start":{"line":81,"column":77},"end":{"line":81,"column":85}},{"start":{"line":81,"column":89},"end":{"line":81,"column":161}}],"line":81},"23":{"loc":{"start":{"line":81,"column":89},"end":{"line":81,"column":161}},"type":"cond-expr","locations":[{"start":{"line":81,"column":143},"end":{"line":81,"column":150}},{"start":{"line":81,"column":153},"end":{"line":81,"column":161}}],"line":81},"24":{"loc":{"start":{"line":82,"column":25},"end":{"line":82,"column":182}},"type":"cond-expr","locations":[{"start":{"line":82,"column":83},"end":{"line":82,"column":94}},{"start":{"line":82,"column":98},"end":{"line":82,"column":181}}],"line":82},"25":{"loc":{"start":{"line":82,"column":98},"end":{"line":82,"column":181}},"type":"cond-expr","locations":[{"start":{"line":82,"column":156},"end":{"line":82,"column":167}},{"start":{"line":82,"column":170},"end":{"line":82,"column":181}}],"line":82},"26":{"loc":{"start":{"line":85,"column":4},"end":{"line":85,"column":106}},"type":"if","locations":[{"start":{"line":85,"column":4},"end":{"line":85,"column":106}},{"start":{},"end":{}}],"line":85},"27":{"loc":{"start":{"line":85,"column":8},"end":{"line":85,"column":71}},"type":"binary-expr","locations":[{"start":{"line":85,"column":8},"end":{"line":85,"column":42}},{"start":{"line":85,"column":46},"end":{"line":85,"column":71}}],"line":85},"28":{"loc":{"start":{"line":86,"column":4},"end":{"line":86,"column":116}},"type":"if","locations":[{"start":{"line":86,"column":4},"end":{"line":86,"column":116}},{"start":{},"end":{}}],"line":86},"29":{"loc":{"start":{"line":86,"column":8},"end":{"line":86,"column":77}},"type":"binary-expr","locations":[{"start":{"line":86,"column":8},"end":{"line":86,"column":46}},{"start":{"line":86,"column":50},"end":{"line":86,"column":77}}],"line":86},"30":{"loc":{"start":{"line":87,"column":4},"end":{"line":87,"column":106}},"type":"if","locations":[{"start":{"line":87,"column":4},"end":{"line":87,"column":106}},{"start":{},"end":{}}],"line":87},"31":{"loc":{"start":{"line":87,"column":8},"end":{"line":87,"column":71}},"type":"binary-expr","locations":[{"start":{"line":87,"column":8},"end":{"line":87,"column":42}},{"start":{"line":87,"column":46},"end":{"line":87,"column":71}}],"line":87},"32":{"loc":{"start":{"line":88,"column":4},"end":{"line":88,"column":121}},"type":"if","locations":[{"start":{"line":88,"column":4},"end":{"line":88,"column":121}},{"start":{},"end":{}}],"line":88},"33":{"loc":{"start":{"line":88,"column":8},"end":{"line":88,"column":80}},"type":"binary-expr","locations":[{"start":{"line":88,"column":8},"end":{"line":88,"column":48}},{"start":{"line":88,"column":52},"end":{"line":88,"column":80}}],"line":88},"34":{"loc":{"start":{"line":89,"column":4},"end":{"line":89,"column":95}},"type":"if","locations":[{"start":{"line":89,"column":4},"end":{"line":89,"column":95}},{"start":{},"end":{}}],"line":89},"35":{"loc":{"start":{"line":89,"column":8},"end":{"line":89,"column":56}},"type":"binary-expr","locations":[{"start":{"line":89,"column":8},"end":{"line":89,"column":23}},{"start":{"line":89,"column":27},"end":{"line":89,"column":56}}],"line":89},"36":{"loc":{"start":{"line":98,"column":6},"end":{"line":102,"column":57}},"type":"binary-expr","locations":[{"start":{"line":98,"column":7},"end":{"line":98,"column":41}},{"start":{"line":98,"column":45},"end":{"line":98,"column":70}},{"start":{"line":99,"column":7},"end":{"line":99,"column":45}},{"start":{"line":99,"column":49},"end":{"line":99,"column":76}},{"start":{"line":100,"column":7},"end":{"line":100,"column":41}},{"start":{"line":100,"column":45},"end":{"line":100,"column":70}},{"start":{"line":101,"column":7},"end":{"line":101,"column":47}},{"start":{"line":101,"column":51},"end":{"line":101,"column":79}},{"start":{"line":102,"column":7},"end":{"line":102,"column":23}},{"start":{"line":102,"column":27},"end":{"line":102,"column":56}}],"line":98},"37":{"loc":{"start":{"line":103,"column":4},"end":{"line":107,"column":5}},"type":"if","locations":[{"start":{"line":103,"column":4},"end":{"line":107,"column":5}},{"start":{},"end":{}}],"line":103},"38":{"loc":{"start":{"line":111,"column":22},"end":{"line":111,"column":41}},"type":"binary-expr","locations":[{"start":{"line":111,"column":22},"end":{"line":111,"column":30}},{"start":{"line":111,"column":34},"end":{"line":111,"column":41}}],"line":111},"39":{"loc":{"start":{"line":112,"column":19},"end":{"line":112,"column":68}},"type":"binary-expr","locations":[{"start":{"line":112,"column":19},"end":{"line":112,"column":62}},{"start":{"line":112,"column":66},"end":{"line":112,"column":68}}],"line":112},"40":{"loc":{"start":{"line":126,"column":25},"end":{"line":126,"column":100}},"type":"binary-expr","locations":[{"start":{"line":126,"column":25},"end":{"line":126,"column":51}},{"start":{"line":126,"column":55},"end":{"line":126,"column":79}},{"start":{"line":126,"column":83},"end":{"line":126,"column":100}}],"line":126},"41":{"loc":{"start":{"line":127,"column":18},"end":{"line":127,"column":69}},"type":"binary-expr","locations":[{"start":{"line":127,"column":18},"end":{"line":127,"column":28}},{"start":{"line":127,"column":32},"end":{"line":127,"column":42}},{"start":{"line":127,"column":46},"end":{"line":127,"column":69}}],"line":127},"42":{"loc":{"start":{"line":129,"column":23},"end":{"line":129,"column":51}},"type":"cond-expr","locations":[{"start":{"line":129,"column":32},"end":{"line":129,"column":46}},{"start":{"line":129,"column":49},"end":{"line":129,"column":51}}],"line":129},"43":{"loc":{"start":{"line":158,"column":62},"end":{"line":158,"column":79}},"type":"binary-expr","locations":[{"start":{"line":158,"column":62},"end":{"line":158,"column":68}},{"start":{"line":158,"column":72},"end":{"line":158,"column":79}}],"line":158},"44":{"loc":{"start":{"line":159,"column":7},"end":{"line":159,"column":62}},"type":"binary-expr","locations":[{"start":{"line":159,"column":7},"end":{"line":159,"column":15}},{"start":{"line":159,"column":19},"end":{"line":159,"column":62}}],"line":159},"45":{"loc":{"start":{"line":160,"column":7},"end":{"line":160,"column":62}},"type":"binary-expr","locations":[{"start":{"line":160,"column":7},"end":{"line":160,"column":12}},{"start":{"line":160,"column":16},"end":{"line":160,"column":62}}],"line":160}},"s":{"0":9,"1":9,"2":9,"3":9,"4":9,"5":9,"6":9,"7":2,"8":2,"9":2,"10":2,"11":0,"12":0,"13":0,"14":0,"15":0,"16":0,"17":0,"18":0,"19":0,"20":0,"21":9,"22":5,"23":5,"24":1,"25":1,"26":5,"27":1,"28":1,"29":5,"30":1,"31":1,"32":5,"33":1,"34":1,"35":5,"36":1,"37":1,"38":9,"39":0,"40":0,"41":0,"42":0,"43":0,"44":0,"45":0,"46":0,"47":0,"48":0,"49":0,"50":0,"51":0,"52":0,"53":0,"54":0,"55":0,"56":0,"57":0,"58":0,"59":0,"60":0,"61":0,"62":0,"63":0,"64":0,"65":0,"66":0,"67":0,"68":0,"69":0,"70":0,"71":0,"72":0,"73":0,"74":0,"75":0,"76":0,"77":0,"78":0,"79":0,"80":0,"81":0,"82":0,"83":0,"84":0,"85":9},"f":{"0":9,"1":2,"2":0,"3":0,"4":5,"5":1,"6":1,"7":1,"8":1,"9":1,"10":0,"11":0},"b":{"0":[2,0],"1":[2,0],"2":[0,0],"3":[0,0,0],"4":[0,0,0],"5":[0,0,0],"6":[0,0,0],"7":[0,0,0],"8":[0,0,0],"9":[0,0,0],"10":[0,0,0],"11":[1,4],"12":[1,4],"13":[1,4],"14":[1,4],"15":[1,4],"16":[0,0],"17":[0,0],"18":[0,0],"19":[0,0],"20":[0,0],"21":[0,0],"22":[0,0],"23":[0,0],"24":[0,0],"25":[0,0],"26":[0,0],"27":[0,0],"28":[0,0],"29":[0,0],"30":[0,0],"31":[0,0],"32":[0,0],"33":[0,0],"34":[0,0],"35":[0,0],"36":[0,0,0,0,0,0,0,0,0,0],"37":[0,0],"38":[0,0],"39":[0,0],"40":[0,0,0],"41":[0,0,0],"42":[0,0],"43":[9,9],"44":[9,0],"45":[9,7]},"_coverageSchema":"1a1c01bbd47fc00a2c39e90264f33305004495a9","hash":"c7e8aa854ed53f4476aafed26fe7ba55bca16e31"}
,"C:\\Users\\ulisi\\Desktop\\Proyecto semestral Full-Stack-React\\Fullstack-react\\src\\services\\UsuarioService.js": {"path":"C:\\Users\\ulisi\\Desktop\\Proyecto semestral Full-Stack-React\\Fullstack-react\\src\\services\\UsuarioService.js","statementMap":{"0":{"start":{"line":3,"column":17},"end":{"line":3,"column":56}},"1":{"start":{"line":8,"column":8},"end":{"line":8,"column":33}},"2":{"start":{"line":12,"column":8},"end":{"line":12,"column":44}},"3":{"start":{"line":16,"column":8},"end":{"line":16,"column":43}},"4":{"start":{"line":20,"column":8},"end":{"line":20,"column":53}},"5":{"start":{"line":24,"column":8},"end":{"line":24,"column":47}},"6":{"start":{"line":28,"column":8},"end":{"line":28,"column":54}}},"fnMap":{"0":{"name":"(anonymous_0)","decl":{"start":{"line":7,"column":4},"end":{"line":7,"column":5}},"loc":{"start":{"line":7,"column":21},"end":{"line":9,"column":5}},"line":7},"1":{"name":"(anonymous_1)","decl":{"start":{"line":11,"column":4},"end":{"line":11,"column":5}},"loc":{"start":{"line":11,"column":23},"end":{"line":13,"column":5}},"line":11},"2":{"name":"(anonymous_2)","decl":{"start":{"line":15,"column":4},"end":{"line":15,"column":5}},"loc":{"start":{"line":15,"column":25},"end":{"line":17,"column":5}},"line":15},"3":{"name":"(anonymous_3)","decl":{"start":{"line":19,"column":4},"end":{"line":19,"column":5}},"loc":{"start":{"line":19,"column":31},"end":{"line":21,"column":5}},"line":19},"4":{"name":"(anonymous_4)","decl":{"start":{"line":23,"column":4},"end":{"line":23,"column":5}},"loc":{"start":{"line":23,"column":22},"end":{"line":25,"column":5}},"line":23},"5":{"name":"(anonymous_5)","decl":{"start":{"line":27,"column":4},"end":{"line":27,"column":5}},"loc":{"start":{"line":27,"column":19},"end":{"line":29,"column":5}},"line":27}},"branchMap":{},"s":{"0":2,"1":0,"2":0,"3":0,"4":0,"5":0,"6":0},"f":{"0":0,"1":0,"2":0,"3":0,"4":0,"5":0},"b":{},"_coverageSchema":"1a1c01bbd47fc00a2c39e90264f33305004495a9","hash":"720ead0f27167e0a9f4297b16811a646deee5b5c"}
,"C:\\Users\\ulisi\\Desktop\\Proyecto semestral Full-Stack-React\\Fullstack-react\\src\\services\\api.js": {"path":"C:\\Users\\ulisi\\Desktop\\Proyecto semestral Full-Stack-React\\Fullstack-react\\src\\services\\api.js","statementMap":{"0":{"start":{"line":3,"column":12},"end":{"line":6,"column":2}},"1":{"start":{"line":9,"column":0},"end":{"line":17,"column":3}},"2":{"start":{"line":10,"column":16},"end":{"line":10,"column":45}},"3":{"start":{"line":12,"column":2},"end":{"line":14,"column":3}},"4":{"start":{"line":13,"column":4},"end":{"line":13,"column":53}},"5":{"start":{"line":16,"column":2},"end":{"line":16,"column":16}}},"fnMap":{"0":{"name":"(anonymous_0)","decl":{"start":{"line":9,"column":29},"end":{"line":9,"column":30}},"loc":{"start":{"line":9,"column":41},"end":{"line":17,"column":1}},"line":9}},"branchMap":{"0":{"loc":{"start":{"line":12,"column":2},"end":{"line":14,"column":3}},"type":"if","locations":[{"start":{"line":12,"column":2},"end":{"line":14,"column":3}},{"start":{},"end":{}}],"line":12}},"s":{"0":2,"1":2,"2":0,"3":0,"4":0,"5":0},"f":{"0":0},"b":{"0":[0,0]},"_coverageSchema":"1a1c01bbd47fc00a2c39e90264f33305004495a9","hash":"f1776f5025a98d220febb3d15c97ee45151fd30c"}
}
