TN:
SF:src\components\organisms\Car\CartItem.jsx
FN:4,CartItem
FN:17,(anonymous_1)
FNF:2
FNH:2
FNDA:2,CartItem
FNDA:1,(anonymous_1)
DA:5,2
DA:7,2
DA:17,1
LF:3
LH:3
BRDA:16,0,0,2
BRDA:16,0,1,0
BRF:2
BRH:1
end_of_record
TN:
SF:src\components\organisms\Catalogo\Container.jsx
FN:10,Container
FN:15,(anonymous_1)
FN:17,(anonymous_2)
FN:24,(anonymous_3)
FN:28,(anonymous_4)
FN:34,(anonymous_5)
FN:52,(anonymous_6)
FN:65,(anonymous_7)
FN:96,(anonymous_8)
FN:97,(anonymous_9)
FN:97,(anonymous_10)
FN:103,(anonymous_11)
FN:106,(anonymous_12)
FN:118,(anonymous_13)
FNF:14
FNH:3
FNDA:4,Container
FNDA:3,(anonymous_1)
FNDA:3,(anonymous_2)
FNDA:0,(anonymous_3)
FNDA:0,(anonymous_4)
FNDA:0,(anonymous_5)
FNDA:0,(anonymous_6)
FNDA:0,(anonymous_7)
FNDA:0,(anonymous_8)
FNDA:0,(anonymous_9)
FNDA:0,(anonymous_10)
FNDA:0,(anonymous_11)
FNDA:0,(anonymous_12)
FNDA:0,(anonymous_13)
DA:6,1
DA:11,4
DA:12,3
DA:15,3
DA:16,3
DA:18,3
DA:19,3
DA:21,0
DA:24,0
DA:28,3
DA:29,0
DA:32,0
DA:33,0
DA:34,0
DA:35,0
DA:38,0
DA:44,0
DA:46,0
DA:48,0
DA:51,0
DA:52,0
DA:55,0
DA:59,0
DA:60,0
DA:61,0
DA:62,0
DA:64,0
DA:65,0
DA:69,3
DA:70,3
DA:81,3
DA:82,3
DA:83,0
DA:86,3
DA:97,0
DA:98,0
DA:99,0
DA:103,0
DA:107,0
DA:119,0
LF:40
LH:13
BRDA:18,0,0,3
BRDA:18,0,1,0
BRDA:18,1,0,3
BRDA:18,1,1,3
BRDA:32,2,0,0
BRDA:32,2,1,0
BRDA:61,3,0,0
BRDA:61,3,1,0
BRDA:61,4,0,0
BRDA:61,4,1,0
BRDA:89,5,0,3
BRDA:89,5,1,0
BRDA:90,6,0,0
BRDA:90,6,1,0
BRDA:97,7,0,0
BRDA:97,7,1,0
BRDA:97,8,0,0
BRDA:97,8,1,0
BRDA:98,9,0,0
BRDA:98,9,1,0
BRDA:98,9,2,0
BRF:21
BRH:4
end_of_record
TN:
SF:src\components\organisms\Login\Formulario.jsx
FN:4,Formulario
FN:14,(anonymous_1)
FN:66,(anonymous_2)
FN:78,(anonymous_3)
FN:94,(anonymous_4)
FN:105,(anonymous_5)
FN:116,(anonymous_6)
FN:127,(anonymous_7)
FN:138,(anonymous_8)
FN:149,(anonymous_9)
FN:158,(anonymous_10)
FNF:11
FNH:9
FNDA:17,Formulario
FNDA:1,(anonymous_1)
FNDA:1,(anonymous_2)
FNDA:0,(anonymous_3)
FNDA:2,(anonymous_4)
FNDA:2,(anonymous_5)
FNDA:2,(anonymous_6)
FNDA:2,(anonymous_7)
FNDA:2,(anonymous_8)
FNDA:2,(anonymous_9)
FNDA:0,(anonymous_10)
DA:5,17
DA:6,17
DA:7,17
DA:8,17
DA:9,17
DA:10,17
DA:11,17
DA:12,17
DA:14,17
DA:15,1
DA:18,1
DA:19,0
DA:20,0
DA:23,1
DA:24,0
DA:25,0
DA:28,1
DA:29,0
DA:30,0
DA:33,1
DA:34,0
DA:35,0
DA:38,1
DA:39,0
DA:40,0
DA:43,1
DA:44,0
DA:45,0
DA:48,1
DA:49,0
DA:50,0
DA:53,1
DA:56,1
DA:65,1
DA:67,1
DA:68,1
DA:71,1
DA:72,1
DA:73,1
DA:74,1
DA:75,1
DA:76,1
DA:79,0
DA:80,0
DA:84,17
DA:94,2
DA:105,2
DA:116,2
DA:127,2
DA:138,2
DA:149,2
DA:158,0
LF:52
LH:35
BRDA:18,0,0,0
BRDA:18,0,1,1
BRDA:23,1,0,0
BRDA:23,1,1,1
BRDA:28,2,0,0
BRDA:28,2,1,1
BRDA:33,3,0,0
BRDA:33,3,1,1
BRDA:33,4,0,1
BRDA:33,4,1,1
BRDA:38,5,0,0
BRDA:38,5,1,1
BRDA:43,6,0,0
BRDA:43,6,1,1
BRDA:48,7,0,0
BRDA:48,7,1,1
BRDA:167,8,0,17
BRDA:167,8,1,0
BRDA:172,9,0,17
BRDA:172,9,1,1
BRF:20
BRH:12
end_of_record
TN:
SF:src\components\organisms\Profile\Card2.jsx
FN:5,Card2
FN:24,(anonymous_1)
FN:32,(anonymous_2)
FN:43,(anonymous_3)
FN:56,(anonymous_4)
FN:58,(anonymous_5)
FN:59,(anonymous_6)
FN:60,(anonymous_7)
FN:61,(anonymous_8)
FN:62,(anonymous_9)
FN:65,(anonymous_10)
FN:116,(anonymous_11)
FNF:12
FNH:8
FNDA:9,Card2
FNDA:2,(anonymous_1)
FNDA:0,(anonymous_2)
FNDA:0,(anonymous_3)
FNDA:5,(anonymous_4)
FNDA:1,(anonymous_5)
FNDA:1,(anonymous_6)
FNDA:1,(anonymous_7)
FNDA:1,(anonymous_8)
FNDA:1,(anonymous_9)
FNDA:0,(anonymous_10)
FNDA:0,(anonymous_11)
DA:6,9
DA:13,9
DA:19,9
DA:20,9
DA:21,9
DA:22,9
DA:24,9
DA:25,2
DA:26,2
DA:27,2
DA:28,2
DA:30,0
DA:31,0
DA:33,0
DA:34,0
DA:40,0
DA:41,0
DA:44,0
DA:45,0
DA:51,0
DA:52,0
DA:56,9
DA:57,5
DA:58,5
DA:59,5
DA:60,5
DA:61,5
DA:62,5
DA:65,9
DA:66,0
DA:67,0
DA:68,0
DA:69,0
DA:72,0
DA:74,0
DA:76,0
DA:79,0
DA:80,0
DA:81,0
DA:82,0
DA:85,0
DA:86,0
DA:87,0
DA:88,0
DA:89,0
DA:92,0
DA:93,0
DA:94,0
DA:98,0
DA:103,0
DA:104,0
DA:105,0
DA:106,0
DA:109,0
DA:110,0
DA:111,0
DA:112,0
DA:113,0
DA:114,0
DA:115,0
DA:116,0
DA:118,0
DA:125,0
DA:126,0
DA:127,0
DA:128,0
DA:129,0
DA:131,0
DA:135,9
LF:69
LH:20
BRDA:26,0,0,2
BRDA:26,0,1,0
BRDA:26,1,0,2
BRDA:26,1,1,0
BRDA:33,2,0,0
BRDA:33,2,1,0
BRDA:35,3,0,0
BRDA:35,3,1,0
BRDA:35,3,2,0
BRDA:36,4,0,0
BRDA:36,4,1,0
BRDA:36,4,2,0
BRDA:37,5,0,0
BRDA:37,5,1,0
BRDA:37,5,2,0
BRDA:38,6,0,0
BRDA:38,6,1,0
BRDA:38,6,2,0
BRDA:46,7,0,0
BRDA:46,7,1,0
BRDA:46,7,2,0
BRDA:47,8,0,0
BRDA:47,8,1,0
BRDA:47,8,2,0
BRDA:48,9,0,0
BRDA:48,9,1,0
BRDA:48,9,2,0
BRDA:49,10,0,0
BRDA:49,10,1,0
BRDA:49,10,2,0
BRDA:58,11,0,1
BRDA:58,11,1,4
BRDA:59,12,0,1
BRDA:59,12,1,4
BRDA:60,13,0,1
BRDA:60,13,1,4
BRDA:61,14,0,1
BRDA:61,14,1,4
BRDA:62,15,0,1
BRDA:62,15,1,4
BRDA:66,16,0,0
BRDA:66,16,1,0
BRDA:72,17,0,0
BRDA:72,17,1,0
BRDA:79,18,0,0
BRDA:79,18,1,0
BRDA:79,19,0,0
BRDA:79,19,1,0
BRDA:80,20,0,0
BRDA:80,20,1,0
BRDA:80,21,0,0
BRDA:80,21,1,0
BRDA:81,22,0,0
BRDA:81,22,1,0
BRDA:81,23,0,0
BRDA:81,23,1,0
BRDA:82,24,0,0
BRDA:82,24,1,0
BRDA:82,25,0,0
BRDA:82,25,1,0
BRDA:85,26,0,0
BRDA:85,26,1,0
BRDA:85,27,0,0
BRDA:85,27,1,0
BRDA:86,28,0,0
BRDA:86,28,1,0
BRDA:86,29,0,0
BRDA:86,29,1,0
BRDA:87,30,0,0
BRDA:87,30,1,0
BRDA:87,31,0,0
BRDA:87,31,1,0
BRDA:88,32,0,0
BRDA:88,32,1,0
BRDA:88,33,0,0
BRDA:88,33,1,0
BRDA:89,34,0,0
BRDA:89,34,1,0
BRDA:89,35,0,0
BRDA:89,35,1,0
BRDA:98,36,0,0
BRDA:98,36,1,0
BRDA:98,36,2,0
BRDA:98,36,3,0
BRDA:98,36,4,0
BRDA:98,36,5,0
BRDA:98,36,6,0
BRDA:98,36,7,0
BRDA:98,36,8,0
BRDA:98,36,9,0
BRDA:103,37,0,0
BRDA:103,37,1,0
BRDA:111,38,0,0
BRDA:111,38,1,0
BRDA:112,39,0,0
BRDA:112,39,1,0
BRDA:126,40,0,0
BRDA:126,40,1,0
BRDA:126,40,2,0
BRDA:127,41,0,0
BRDA:127,41,1,0
BRDA:127,41,2,0
BRDA:129,42,0,0
BRDA:129,42,1,0
BRDA:158,43,0,9
BRDA:158,43,1,9
BRDA:159,44,0,9
BRDA:159,44,1,0
BRDA:160,45,0,9
BRDA:160,45,1,7
BRF:110
BRH:17
end_of_record
TN:
SF:src\services\CarritoService.js
FN:6,(anonymous_0)
FN:19,(anonymous_1)
FN:24,(anonymous_2)
FN:29,(anonymous_3)
FN:34,(anonymous_4)
FNF:5
FNH:0
FNDA:0,(anonymous_0)
FNDA:0,(anonymous_1)
FNDA:0,(anonymous_2)
FNDA:0,(anonymous_3)
FNDA:0,(anonymous_4)
DA:3,1
DA:6,1
DA:7,0
DA:8,0
DA:20,0
DA:25,0
DA:30,0
DA:35,0
LF:8
LH:2
BRF:0
BRH:0
end_of_record
TN:
SF:src\services\UsuarioService.js
FN:7,(anonymous_0)
FN:11,(anonymous_1)
FN:15,(anonymous_2)
FN:19,(anonymous_3)
FN:23,(anonymous_4)
FN:27,(anonymous_5)
FNF:6
FNH:0
FNDA:0,(anonymous_0)
FNDA:0,(anonymous_1)
FNDA:0,(anonymous_2)
FNDA:0,(anonymous_3)
FNDA:0,(anonymous_4)
FNDA:0,(anonymous_5)
DA:3,2
DA:8,0
DA:12,0
DA:16,0
DA:20,0
DA:24,0
DA:28,0
LF:7
LH:1
BRF:0
BRH:0
end_of_record
TN:
SF:src\services\api.js
FN:9,(anonymous_0)
FNF:1
FNH:0
FNDA:0,(anonymous_0)
DA:3,2
DA:9,2
DA:10,0
DA:12,0
DA:13,0
DA:16,0
LF:6
LH:2
BRDA:12,0,0,0
BRDA:12,0,1,0
BRF:2
BRH:0
end_of_record
