TN:
SF:src\components\organisms\Car\CartItem.jsx
FN:4,CartItem
FN:17,(anonymous_1)
FNF:2
FNH:2
FNDA:2,CartItem
FNDA:1,(anonymous_1)
DA:5,2
DA:7,2
DA:17,1
LF:3
LH:3
BRF:0
BRH:0
end_of_record
TN:
SF:src\components\organisms\Catalogo\Container.jsx
FN:3,Container
FN:6,(anonymous_1)
FN:11,(anonymous_2)
FN:47,(anonymous_3)
FN:58,(anonymous_4)
FN:73,(anonymous_5)
FN:84,(anonymous_6)
FN:99,(anonymous_7)
FN:110,(anonymous_8)
FN:128,(anonymous_9)
FN:139,(anonymous_10)
FN:154,(anonymous_11)
FN:165,(anonymous_12)
FN:180,(anonymous_13)
FN:191,(anonymous_14)
FN:209,(anonymous_15)
FN:220,(anonymous_16)
FN:235,(anonymous_17)
FN:246,(anonymous_18)
FNF:19
FNH:4
FNDA:7,Container
FNDA:3,(anonymous_1)
FNDA:1,(anonymous_2)
FNDA:1,(anonymous_3)
FNDA:0,(anonymous_4)
FNDA:0,(anonymous_5)
FNDA:0,(anonymous_6)
FNDA:0,(anonymous_7)
FNDA:0,(anonymous_8)
FNDA:0,(anonymous_9)
FNDA:0,(anonymous_10)
FNDA:0,(anonymous_11)
FNDA:0,(anonymous_12)
FNDA:0,(anonymous_13)
FNDA:0,(anonymous_14)
FNDA:0,(anonymous_15)
FNDA:0,(anonymous_16)
FNDA:0,(anonymous_17)
FNDA:0,(anonymous_18)
DA:4,7
DA:6,7
DA:7,3
DA:8,3
DA:11,7
DA:12,1
DA:13,1
DA:14,1
DA:18,7
DA:37,7
DA:47,1
DA:58,0
DA:73,0
DA:84,0
DA:99,0
DA:110,0
DA:128,0
DA:139,0
DA:154,0
DA:165,0
DA:180,0
DA:191,0
DA:209,0
DA:220,0
DA:235,0
DA:246,0
LF:26
LH:11
BRDA:7,0,0,3
BRDA:7,0,1,0
BRF:2
BRH:1
end_of_record
TN:
SF:src\components\organisms\Login\Formulario.jsx
FN:3,Formulario
FN:10,(anonymous_1)
FN:43,(anonymous_2)
FN:65,(anonymous_3)
FN:77,(anonymous_4)
FN:88,(anonymous_5)
FN:94,(anonymous_6)
FNF:7
FNH:6
FNDA:11,Formulario
FNDA:2,(anonymous_1)
FNDA:2,(anonymous_2)
FNDA:2,(anonymous_3)
FNDA:1,(anonymous_4)
FNDA:1,(anonymous_5)
FNDA:0,(anonymous_6)
DA:4,11
DA:5,11
DA:6,11
DA:7,11
DA:8,11
DA:10,11
DA:11,2
DA:13,2
DA:14,0
DA:15,0
DA:18,2
DA:19,1
DA:20,1
DA:23,1
DA:24,0
DA:25,0
DA:29,1
DA:30,1
DA:33,11
DA:43,2
DA:65,2
DA:77,1
DA:88,1
DA:94,0
LF:24
LH:19
BRDA:13,0,0,0
BRDA:13,0,1,2
BRDA:18,1,0,1
BRDA:18,1,1,1
BRDA:23,2,0,0
BRDA:23,2,1,1
BRDA:23,3,0,1
BRDA:23,3,1,1
BRDA:44,4,0,0
BRDA:44,4,1,11
BRDA:44,5,0,11
BRDA:44,5,1,8
BRDA:66,6,0,2
BRDA:66,6,1,9
BRDA:66,7,0,11
BRDA:66,7,1,6
BRDA:89,8,0,0
BRDA:89,8,1,11
BRDA:89,9,0,11
BRDA:89,9,1,2
BRDA:101,10,0,11
BRDA:101,10,1,1
BRF:22
BRH:18
end_of_record
TN:
SF:src\components\organisms\Profile\Card2.jsx
FN:3,Card2
FNF:1
FNH:1
FNDA:2,Card2
DA:4,2
LF:1
LH:1
BRF:0
BRH:0
end_of_record
